2015-07-15 16:45:48.604 PartyPrint[29118:6245467] DiskCookieStorage changing policy from 2 to 0, cookie file: file:///Users/jeremyeaton/Library/Developer/CoreSimulator/Devices/0573584A-639C-4B07-A6FF-C33D88D37357/data/Containers/Data/Application/52650F30-6F98-4B46-8A45-61E65566767D/Library/Cookies/Cookies.binarycookies
2015-07-15 16:45:48.780 PartyPrint[29118:6245467] Apache Cordova native platform version 3.7.0 is starting.
2015-07-15 16:45:48.780 PartyPrint[29118:6245467] Multi-tasking -> Device: YES, App: YES
2015-07-15 16:45:48.788 PartyPrint[29118:6245467] Unlimited access to network resources
2015-07-15 16:45:48.795 PartyPrint[29118:6245467] 

Started backup to iCloud! Please be careful.
Your application might be rejected by Apple if you store too much data.
For more information please read "iOS Data Storage Guidelines" at:
https://developer.apple.com/icloud/documentation/data-storage/
To disable web storage backup to iCloud, set the BackupWebStorage preference to "local" in the Cordova config.xml file

2015-07-15 16:45:49.394 PartyPrint[29118:6245467] Resetting plugins due to page load.
2015-07-15 16:45:49.468 PartyPrint[29118:6245467] Finished load of: file:///Users/jeremyeaton/Library/Developer/CoreSimulator/Devices/0573584A-639C-4B07-A6FF-C33D88D37357/data/Containers/Bundle/Application/51B979FA-E87B-4469-954A-CA80EA024552/PartyPrint.app/www/index.html
2015-07-15 16:53:18.581 PartyPrint[29359:6280253] DiskCookieStorage changing policy from 2 to 0, cookie file: file:///Users/jeremyeaton/Library/Developer/CoreSimulator/Devices/0573584A-639C-4B07-A6FF-C33D88D37357/data/Containers/Data/Application/8D117CF8-C1B8-4622-B4DB-EF8C2ADF5429/Library/Cookies/Cookies.binarycookies
2015-07-15 16:53:18.701 PartyPrint[29359:6280253] Apache Cordova native platform version 3.7.0 is starting.
2015-07-15 16:53:18.701 PartyPrint[29359:6280253] Multi-tasking -> Device: YES, App: YES
2015-07-15 16:53:18.703 PartyPrint[29359:6280253] Unlimited access to network resources
2015-07-15 16:53:18.705 PartyPrint[29359:6280253] 

Started backup to iCloud! Please be careful.
Your application might be rejected by Apple if you store too much data.
For more information please read "iOS Data Storage Guidelines" at:
https://developer.apple.com/icloud/documentation/data-storage/
To disable web storage backup to iCloud, set the BackupWebStorage preference to "local" in the Cordova config.xml file

2015-07-15 16:53:18.838 PartyPrint[29359:6280253] Resetting plugins due to page load.
2015-07-15 16:53:18.877 PartyPrint[29359:6280253] Finished load of: file:///Users/jeremyeaton/Library/Developer/CoreSimulator/Devices/0573584A-639C-4B07-A6FF-C33D88D37357/data/Containers/Bundle/Application/4D89027E-8703-4B81-B7DE-6A92F589CDF3/PartyPrint.app/www/index.html
